<?xml version="1.0" encoding="UTF-8"?>
<!-- Generated by org.testng.reporters.JUnitReportReporter -->
<testsuite hostname="DESKTOP-QG2U5J1" failures="0" tests="1" name="MODULE1.DatabaseTesingDemo" time="0.067" errors="0" timestamp="2021-12-17T16:38:26 IST" skipped="0">
  <testcase classname="MODULE1.DatabaseTesingDemo" name="test" time="0.067"/>
  <system-out/>
</testsuite> <!-- MODULE1.DatabaseTesingDemo -->
