<?xml version="1.0" encoding="UTF-8"?>
<!-- Generated by org.testng.reporters.JUnitReportReporter -->
<testsuite hostname="DESKTOP-QG2U5J1" failures="0" tests="2" name="TestNG.TC_01" time="0.019" errors="0" timestamp="2022-02-22T16:24:24 IST" skipped="0">
  <testcase classname="TestNG.TC_01" name="testformfill" time="0.014"/>
  <system-out/>
  <testcase classname="TestNG.TC_01" name="testlogin" time="0.005"/>
  <system-out/>
</testsuite> <!-- TestNG.TC_01 -->
