<?xml version="1.0" encoding="UTF-8"?>
<!-- Generated by org.testng.reporters.JUnitReportReporter -->
<testsuite hostname="DESKTOP-QG2U5J1" failures="0" tests="2" name="module2.JunitTest" time="0.014" errors="0" timestamp="2022-01-12T13:02:04 IST" skipped="0">
  <testcase classname="module2.JunitTest" name="SecondJunittest" time="0.003"/>
  <system-out/>
  <testcase classname="module2.JunitTest" name="Junittest" time="0.011"/>
  <system-out/>
</testsuite> <!-- module2.JunitTest -->
