<?xml version="1.0" encoding="UTF-8"?>
<!-- Generated by org.testng.reporters.JUnitReportReporter -->
<testsuite hostname="DESKTOP-CP4E9UP" failures="0" tests="1" name="testng_group.Car_loan" time="0.001" errors="0" timestamp="2022-08-02T11:01:27 IST" skipped="0">
  <testcase classname="testng_group.Car_loan" name="APILoginCarLoan" time="0.001"/>
  <system-out/>
</testsuite> <!-- testng_group.Car_loan -->
