<?xml version="1.0" encoding="UTF-8"?>
<!-- Generated by org.testng.reporters.JUnitReportReporter -->
<testsuite hostname="DESKTOP-CP4E9UP" failures="0" tests="4" name="kuchhBhi.GoogleTest" time="10.074" errors="0" timestamp="2022-07-08T13:50:14 IST" skipped="0">
  <testcase classname="kuchhBhi.GoogleTest" name="driverSetup" time="3.947"/>
  <system-out>
    <![CDATA[The browser is opened]]>
  </system-out>
  <testcase classname="kuchhBhi.GoogleTest" name="getURL" time="1.698"/>
  <system-out>
    <![CDATA[The Google Site is Launched]]>
  </system-out>
  <testcase classname="kuchhBhi.GoogleTest" name="getTitle" time="0.017"/>
  <system-out>
    <![CDATA[Prints the web page title]]>
  </system-out>
  <testcase classname="kuchhBhi.GoogleTest" name="closeBrowser" time="4.412"/>
  <system-out>
    <![CDATA[Close the driver]]>
  </system-out>
</testsuite> <!-- kuchhBhi.GoogleTest -->
