<?xml version="1.0" encoding="UTF-8"?>
<!-- Generated by org.testng.reporters.JUnitReportReporter -->
<testsuite hostname="DESKTOP-CP4E9UP" failures="0" tests="2" name="TEST_NG.TestEmployeeDetails" time="0.013" errors="0" timestamp="2022-04-05T16:02:32 IST" skipped="0">
  <testcase classname="TEST_NG.TestEmployeeDetails" name="testCalculateAppriasal" time="0.011"/>
  <system-out/>
  <testcase classname="TEST_NG.TestEmployeeDetails" name="testCalculateYearlySalary" time="0.002"/>
  <system-out/>
</testsuite> <!-- TEST_NG.TestEmployeeDetails -->
