<?xml version="1.0" encoding="UTF-8"?>
<!-- Generated by org.testng.reporters.JUnitReportReporter -->
<testsuite hostname="DESKTOP-CP4E9UP" failures="0" tests="2" name="TEST_NG.Dependent" time="0.017" errors="0" timestamp="2022-07-18T14:01:34 IST" skipped="0">
  <testcase classname="TEST_NG.Dependent" name="SignIn" time="0.001"/>
  <system-out/>
  <testcase classname="TEST_NG.Dependent" name="OpenBrowser" time="0.016"/>
  <system-out/>
</testsuite> <!-- TEST_NG.Dependent -->
