<?xml version="1.0" encoding="UTF-8"?>
<!-- Generated by org.testng.reporters.JUnitReportReporter -->
<testsuite hostname="DESKTOP-CP4E9UP" failures="0" tests="2" name="TEST_NG.GroupDependency" time="0.014" errors="0" timestamp="2022-07-18T14:02:23 IST" skipped="0">
  <testcase classname="TEST_NG.GroupDependency" name="ViewAcc" time="0.002"/>
  <system-out/>
  <testcase classname="TEST_NG.GroupDependency" name="LogIn" time="0.012"/>
  <system-out/>
</testsuite> <!-- TEST_NG.GroupDependency -->
