<?xml version="1.0" encoding="UTF-8"?>
<!-- Generated by org.testng.reporters.JUnitReportReporter -->
<testsuite hostname="DESKTOP-CP4E9UP" failures="0" tests="2" name="TEST_NG.TestngAnnotation" time="0.009" errors="0" timestamp="2022-04-05T16:02:32 IST" skipped="0">
  <testcase classname="TEST_NG.TestngAnnotation" name="testCase1" time="0.001"/>
  <system-out/>
  <testcase classname="TEST_NG.TestngAnnotation" name="testCase2" time="0.008"/>
  <system-out/>
</testsuite> <!-- TEST_NG.TestngAnnotation -->
