<?xml version="1.0" encoding="UTF-8"?>
<!-- Generated by org.testng.reporters.JUnitReportReporter -->
<testsuite hostname="DESKTOP-CP4E9UP" failures="0" tests="1" name="TEST_NG.Params" time="0.010" errors="0" timestamp="2022-07-18T15:24:48 IST" skipped="0">
  <testcase classname="TEST_NG.Params" name="Sum" time="0.010"/>
  <system-out/>
</testsuite> <!-- TEST_NG.Params -->
