<?xml version="1.0" encoding="UTF-8"?>
<!-- Generated by org.testng.reporters.JUnitReportReporter -->
<testsuite hostname="DESKTOP-CP4E9UP" failures="0" tests="1" name="testng_group.Home_loan" time="0.002" errors="0" timestamp="2022-08-02T11:01:27 IST" skipped="0">
  <testcase classname="testng_group.Home_loan" name="MobileLoginHomeLoan" time="0.002"/>
  <system-out/>
</testsuite> <!-- testng_group.Home_loan -->
