<?xml version="1.0" encoding="UTF-8"?>
<!-- Generated by org.testng.reporters.JUnitReportReporter -->
<testsuite hostname="DESKTOP-CP4E9UP" failures="0" tests="1" name="TEST_NG.test2" time="0.002" errors="0" timestamp="2022-04-05T16:42:45 IST" skipped="0">
  <testcase classname="TEST_NG.test2" name="testSalutationMessage" time="0.002"/>
  <system-out/>
</testsuite> <!-- TEST_NG.test2 -->
