<?xml version="1.0" encoding="UTF-8"?>
<!-- Generated by org.testng.reporters.JUnitReportReporter -->
<testsuite hostname="DESKTOP-CP4E9UP" failures="0" tests="3" name="TEST_NG.DependsOnTestone" time="0.013" errors="0" timestamp="2022-07-18T14:53:33 IST" skipped="0">
  <testcase classname="TEST_NG.DependsOnTestone" name="LogOut" time="0.001"/>
  <system-out/>
  <testcase classname="TEST_NG.DependsOnTestone" name="SignIn" time="0.002"/>
  <system-out/>
  <testcase classname="TEST_NG.DependsOnTestone" name="OpenBrowser" time="0.010"/>
  <system-out/>
</testsuite> <!-- TEST_NG.DependsOnTestone -->
