<?xml version="1.0" encoding="UTF-8"?>
<!-- Generated by org.testng.reporters.JUnitReportReporter -->
<testsuite hostname="DESKTOP-CP4E9UP" failures="0" tests="1" name="TEST_NG.ParameterizedTest1" time="0.014" errors="0" timestamp="2022-04-11T12:59:24 IST" skipped="0">
  <testcase classname="TEST_NG.ParameterizedTest1" name="parameterTest" time="0.014"/>
  <system-out/>
</testsuite> <!-- TEST_NG.ParameterizedTest1 -->
