<?xml version="1.0" encoding="UTF-8"?>
<!-- Generated by org.testng.reporters.JUnitReportReporter -->
<testsuite hostname="DESKTOP-CP4E9UP" failures="0" tests="1" name="testNG_attributes.Multiply" time="0.002" errors="0" timestamp="2022-08-02T13:16:12 IST" skipped="0">
  <testcase classname="testNG_attributes.Multiply" name="add" time="0.002"/>
  <system-out/>
</testsuite> <!-- testNG_attributes.Multiply -->
