<?xml version="1.0" encoding="UTF-8"?>
<!-- Generated by org.testng.reporters.JUnitReportReporter -->
<testsuite hostname="DESKTOP-CP4E9UP" failures="0" tests="3" name="TEST_NG.DependsOnTest" time="0.017" errors="0" timestamp="2022-07-18T14:52:01 IST" skipped="0">
  <testcase classname="TEST_NG.DependsOnTest" name="LogOut" time="0.003"/>
  <system-out/>
  <testcase classname="TEST_NG.DependsOnTest" name="SignIn" time="0.002"/>
  <system-out/>
  <testcase classname="TEST_NG.DependsOnTest" name="OpenBrowser" time="0.012"/>
  <system-out/>
</testsuite> <!-- TEST_NG.DependsOnTest -->
