<?xml version="1.0" encoding="UTF-8"?>
<!-- Generated by org.testng.reporters.JUnitReportReporter -->
<testsuite hostname="DESKTOP-CP4E9UP" failures="0" tests="2" name="testNG_attributes.Fruits" time="0.004" errors="0" timestamp="2022-08-02T13:16:12 IST" skipped="0">
  <testcase classname="testNG_attributes.Fruits" name="orange" time="0.002"/>
  <system-out/>
  <testcase classname="testNG_attributes.Fruits" name="mango" time="0.002"/>
  <system-out/>
</testsuite> <!-- testNG_attributes.Fruits -->
