<?xml version="1.0" encoding="UTF-8"?>
<!-- Generated by org.testng.reporters.JUnitReportReporter -->
<testsuite hostname="DESKTOP-CP4E9UP" failures="0" tests="1" name="TEST_NG.ParamTestWithDataProvider2" time="0.011" errors="0" timestamp="2022-04-11T13:23:01 IST" skipped="0">
  <testcase classname="TEST_NG.ParamTestWithDataProvider2" name="testMethod" time="0.011"/>
  <system-out/>
</testsuite> <!-- TEST_NG.ParamTestWithDataProvider2 -->
