<?xml version="1.0" encoding="UTF-8"?>
<!-- Generated by org.testng.reporters.JUnitReportReporter -->
<testsuite hostname="DESKTOP-CP4E9UP" failures="0" tests="5" name="TEST_NG.ParamTestWithDataProvider1" time="0.021" errors="0" timestamp="2022-04-11T13:16:39 IST" skipped="0">
  <testcase classname="TEST_NG.ParamTestWithDataProvider1" name="testPrimeNumberChecker" time="0.007"/>
  <system-out/>
  <testcase classname="TEST_NG.ParamTestWithDataProvider1" name="testPrimeNumberChecker" time="0.001"/>
  <system-out/>
  <testcase classname="TEST_NG.ParamTestWithDataProvider1" name="testPrimeNumberChecker" time="0.002"/>
  <system-out/>
  <testcase classname="TEST_NG.ParamTestWithDataProvider1" name="testPrimeNumberChecker" time="0.002"/>
  <system-out/>
  <testcase classname="TEST_NG.ParamTestWithDataProvider1" name="testPrimeNumberChecker" time="0.009"/>
  <system-out/>
</testsuite> <!-- TEST_NG.ParamTestWithDataProvider1 -->
